<?xml version="1.0" encoding="UTF-8"?>
<!-- Generated by org.testng.reporters.JUnitXMLReporter -->
<testsuite hostname="DESKTOP-MRI5F9V" name="Test" tests="3" failures="1" timestamp="23 Oct 2020 22:51:41 GMT" time="29.491" errors="0">
  <testcase name="selectRadioButtons" time="6.518" classname="testScripts.QAClickAcademyHomeTest"/>
  <testcase name="selectListOption" time="2.123" classname="testScripts.QAClickAcademyHomeTest">
    <failure type="junit.framework.AssertionFailedError">
      <![CDATA[junit.framework.AssertionFailedError
	at junit.framework.Assert.fail(Assert.java:47)
	at junit.framework.Assert.assertTrue(Assert.java:20)
	at junit.framework.Assert.assertTrue(Assert.java:27)
	at testScripts.QAClickAcademyHomeTest.selectListOption(QAClickAcademyHomeTest.java:58)
... Removed 24 stack frames]]>
    </failure>
  </testcase> <!-- selectListOption -->
  <testcase name="selectOptionButtons" time="6.246" classname="testScripts.QAClickAcademyHomeTest"/>
</testsuite> <!-- Test -->
