<?xml version="1.0" encoding="UTF-8"?>
<testng-results skipped="0" failed="1" total="3" passed="2">
  <reporter-output>
  </reporter-output>
  <suite name="Suite" duration-ms="29491" started-at="2020-10-23T22:51:11Z" finished-at="2020-10-23T22:51:41Z">
    <groups>
    </groups>
    <test name="Test" duration-ms="29491" started-at="2020-10-23T22:51:11Z" finished-at="2020-10-23T22:51:41Z">
      <class name="testScripts.QAClickAcademyHomeTest">
        <test-method status="PASS" signature="setUp()[pri:0, instance:testScripts.QAClickAcademyHomeTest@2038ae61]" name="setUp" is-config="true" duration-ms="13603" started-at="2020-10-23T18:51:11Z" finished-at="2020-10-23T18:51:25Z">
          <reporter-output>
          </reporter-output>
        </test-method> <!-- setUp -->
        <test-method status="PASS" signature="selectRadioButtons()[pri:0, instance:testScripts.QAClickAcademyHomeTest@2038ae61]" name="selectRadioButtons" duration-ms="6518" started-at="2020-10-23T18:51:25Z" finished-at="2020-10-23T18:51:31Z">
          <reporter-output>
          </reporter-output>
        </test-method> <!-- selectRadioButtons -->
        <test-method status="FAIL" signature="selectListOption()[pri:0, instance:testScripts.QAClickAcademyHomeTest@2038ae61]" name="selectListOption" duration-ms="2123" started-at="2020-10-23T18:51:31Z" finished-at="2020-10-23T18:51:33Z">
          <exception class="junit.framework.AssertionFailedError">
            <full-stacktrace>
              <![CDATA[junit.framework.AssertionFailedError
	at junit.framework.Assert.fail(Assert.java:47)
	at junit.framework.Assert.assertTrue(Assert.java:20)
	at junit.framework.Assert.assertTrue(Assert.java:27)
	at testScripts.QAClickAcademyHomeTest.selectListOption(QAClickAcademyHomeTest.java:58)
	at sun.reflect.NativeMethodAccessorImpl.invoke0(Native Method)
	at sun.reflect.NativeMethodAccessorImpl.invoke(NativeMethodAccessorImpl.java:62)
	at sun.reflect.DelegatingMethodAccessorImpl.invoke(DelegatingMethodAccessorImpl.java:43)
	at java.lang.reflect.Method.invoke(Method.java:498)
	at org.testng.internal.MethodInvocationHelper.invokeMethod(MethodInvocationHelper.java:80)
	at org.testng.internal.Invoker.invokeMethod(Invoker.java:714)
	at org.testng.internal.Invoker.invokeTestMethod(Invoker.java:901)
	at org.testng.internal.Invoker.invokeTestMethods(Invoker.java:1231)
	at org.testng.internal.TestMethodWorker.invokeTestMethods(TestMethodWorker.java:127)
	at org.testng.internal.TestMethodWorker.run(TestMethodWorker.java:111)
	at org.testng.TestRunner.privateRun(TestRunner.java:767)
	at org.testng.TestRunner.run(TestRunner.java:617)
	at org.testng.SuiteRunner.runTest(SuiteRunner.java:334)
	at org.testng.SuiteRunner.runSequentially(SuiteRunner.java:329)
	at org.testng.SuiteRunner.privateRun(SuiteRunner.java:291)
	at org.testng.SuiteRunner.run(SuiteRunner.java:240)
	at org.testng.SuiteRunnerWorker.runSuite(SuiteRunnerWorker.java:52)
	at org.testng.SuiteRunnerWorker.run(SuiteRunnerWorker.java:86)
	at org.testng.TestNG.runSuitesSequentially(TestNG.java:1198)
	at org.testng.TestNG.runSuitesLocally(TestNG.java:1123)
	at org.testng.TestNG.run(TestNG.java:1031)
	at org.testng.remote.AbstractRemoteTestNG.run(AbstractRemoteTestNG.java:114)
	at org.testng.remote.RemoteTestNG.initAndRun(RemoteTestNG.java:251)
	at org.testng.remote.RemoteTestNG.main(RemoteTestNG.java:77)
]]>
            </full-stacktrace>
          </exception> <!-- junit.framework.AssertionFailedError -->
          <reporter-output>
          </reporter-output>
        </test-method> <!-- selectListOption -->
        <test-method status="PASS" signature="selectOptionButtons()[pri:0, instance:testScripts.QAClickAcademyHomeTest@2038ae61]" name="selectOptionButtons" duration-ms="6246" started-at="2020-10-23T18:51:34Z" finished-at="2020-10-23T18:51:40Z">
          <reporter-output>
          </reporter-output>
        </test-method> <!-- selectOptionButtons -->
        <test-method status="PASS" signature="teardown()[pri:0, instance:testScripts.QAClickAcademyHomeTest@2038ae61]" name="teardown" is-config="true" duration-ms="428" started-at="2020-10-23T18:51:40Z" finished-at="2020-10-23T18:51:41Z">
          <reporter-output>
          </reporter-output>
        </test-method> <!-- teardown -->
      </class> <!-- testScripts.QAClickAcademyHomeTest -->
    </test> <!-- Test -->
  </suite> <!-- Suite -->
</testng-results>
