<?xml version="1.0" encoding="UTF-8"?>
<testng-results skipped="0" failed="1" total="3" passed="2">
  <reporter-output>
  </reporter-output>
  <suite name="Suite" duration-ms="29351" started-at="2020-10-23T20:05:09Z" finished-at="2020-10-23T20:05:39Z">
    <groups>
    </groups>
    <test name="Test" duration-ms="29351" started-at="2020-10-23T20:05:09Z" finished-at="2020-10-23T20:05:39Z">
      <class name="testScripts.QAClickAcademyHomeTest">
        <test-method status="PASS" signature="setUp()[pri:0, instance:testScripts.QAClickAcademyHomeTest@2038ae61]" name="setUp" is-config="true" duration-ms="13644" started-at="2020-10-23T16:05:09Z" finished-at="2020-10-23T16:05:23Z">
          <reporter-output>
          </reporter-output>
        </test-method> <!-- setUp -->
        <test-method status="PASS" signature="selectRadioButtons()[pri:0, instance:testScripts.QAClickAcademyHomeTest@2038ae61]" name="selectRadioButtons" duration-ms="6475" started-at="2020-10-23T16:05:23Z" finished-at="2020-10-23T16:05:29Z">
          <reporter-output>
          </reporter-output>
        </test-method> <!-- selectRadioButtons -->
        <test-method status="FAIL" signature="selectListOption()[pri:0, instance:testScripts.QAClickAcademyHomeTest@2038ae61]" name="selectListOption" duration-ms="2112" started-at="2020-10-23T16:05:29Z" finished-at="2020-10-23T16:05:31Z">
          <exception class="junit.framework.AssertionFailedError">
            <full-stacktrace>
              <![CDATA[junit.framework.AssertionFailedError
	at junit.framework.Assert.fail(Assert.java:47)
	at junit.framework.Assert.assertTrue(Assert.java:20)
	at junit.framework.Assert.assertTrue(Assert.java:27)
	at testScripts.QAClickAcademyHomeTest.selectListOption(QAClickAcademyHomeTest.java:58)
	at sun.reflect.NativeMethodAccessorImpl.invoke0(Native Method)
	at sun.reflect.NativeMethodAccessorImpl.invoke(NativeMethodAccessorImpl.java:62)
	at sun.reflect.DelegatingMethodAccessorImpl.invoke(DelegatingMethodAccessorImpl.java:43)
	at java.lang.reflect.Method.invoke(Method.java:498)
	at org.testng.internal.MethodInvocationHelper.invokeMethod(MethodInvocationHelper.java:80)
	at org.testng.internal.Invoker.invokeMethod(Invoker.java:714)
	at org.testng.internal.Invoker.invokeTestMethod(Invoker.java:901)
	at org.testng.internal.Invoker.invokeTestMethods(Invoker.java:1231)
	at org.testng.internal.TestMethodWorker.invokeTestMethods(TestMethodWorker.java:127)
	at org.testng.internal.TestMethodWorker.run(TestMethodWorker.java:111)
	at org.testng.TestRunner.privateRun(TestRunner.java:767)
	at org.testng.TestRunner.run(TestRunner.java:617)
	at org.testng.SuiteRunner.runTest(SuiteRunner.java:334)
	at org.testng.SuiteRunner.runSequentially(SuiteRunner.java:329)
	at org.testng.SuiteRunner.privateRun(SuiteRunner.java:291)
	at org.testng.SuiteRunner.run(SuiteRunner.java:240)
	at org.testng.SuiteRunnerWorker.runSuite(SuiteRunnerWorker.java:52)
	at org.testng.SuiteRunnerWorker.run(SuiteRunnerWorker.java:86)
	at org.testng.TestNG.runSuitesSequentially(TestNG.java:1198)
	at org.testng.TestNG.runSuitesLocally(TestNG.java:1123)
	at org.testng.TestNG.run(TestNG.java:1031)
	at org.testng.remote.AbstractRemoteTestNG.run(AbstractRemoteTestNG.java:114)
	at org.testng.remote.RemoteTestNG.initAndRun(RemoteTestNG.java:251)
	at org.testng.remote.RemoteTestNG.main(RemoteTestNG.java:77)
]]>
            </full-stacktrace>
          </exception> <!-- junit.framework.AssertionFailedError -->
          <reporter-output>
          </reporter-output>
        </test-method> <!-- selectListOption -->
        <test-method status="PASS" signature="selectOptionButtons()[pri:0, instance:testScripts.QAClickAcademyHomeTest@2038ae61]" name="selectOptionButtons" duration-ms="6243" started-at="2020-10-23T16:05:32Z" finished-at="2020-10-23T16:05:38Z">
          <reporter-output>
          </reporter-output>
        </test-method> <!-- selectOptionButtons -->
        <test-method status="PASS" signature="teardown()[pri:0, instance:testScripts.QAClickAcademyHomeTest@2038ae61]" name="teardown" is-config="true" duration-ms="318" started-at="2020-10-23T16:05:38Z" finished-at="2020-10-23T16:05:39Z">
          <reporter-output>
          </reporter-output>
        </test-method> <!-- teardown -->
      </class> <!-- testScripts.QAClickAcademyHomeTest -->
    </test> <!-- Test -->
  </suite> <!-- Suite -->
</testng-results>
